Compilation warnings/errors on 1_slither.sol:
Warning: Function state mutability can be restricted to pure
 --> 1_slither.sol:5:5:
  |
5 |     function getCustom () public returns (uint256) {
  |     ^ (Relevant source part starts here and spans across multiple lines).


ERROR:root:Error in 1_slither.sol
ERROR:root:Traceback (most recent call last):
  File "/home/ethsec/.local/lib/python3.6/site-packages/slither/__main__.py", line 578, in main_impl
    (slither_instances, results_detectors, results_printers, number_contracts) = process_all(filename, args, detector_classes, printer_classes)
  File "/home/ethsec/.local/lib/python3.6/site-packages/slither/__main__.py", line 66, in process_all
    (slither, current_results_detectors, current_results_printers, current_analyzed_count) = process_single(compilation, args, detector_classes, printer_classes)
  File "/home/ethsec/.local/lib/python3.6/site-packages/slither/__main__.py", line 56, in process_single
    return _process(slither, detector_classes, printer_classes)
  File "/home/ethsec/.local/lib/python3.6/site-packages/slither/__main__.py", line 93, in _process
    printer_results = slither.run_printers()
  File "/home/ethsec/.local/lib/python3.6/site-packages/slither/slither.py", line 170, in run_printers
    return [p.output(self.filename).data for p in self._printers]
  File "/home/ethsec/.local/lib/python3.6/site-packages/slither/slither.py", line 170, in <listcomp>
    return [p.output(self.filename).data for p in self._printers]
  File "/home/ethsec/.local/lib/python3.6/site-packages/slither/printers/functions/cfg.py", line 30, in output
    content = function.slithir_cfg_to_dot(filename)
  File "/home/ethsec/.local/lib/python3.6/site-packages/slither/core/declarations/function.py", line 1047, in slithir_cfg_to_dot
    with open(filename, 'w', encoding='utf8') as f:
PermissionError: [Errno 13] Permission denied: 'IntegerOverflow-getCustom().dot'

