Compilation warnings/errors on 2_slither.sol:
Warning: Function state mutability can be restricted to pure
 --> 2_slither.sol:5:5:
  |
5 |     function getCustom () public returns (uint256) {
  |     ^ (Relevant source part starts here and spans across multiple lines).


INFO:Detectors:[93m
Alice (2_slither.sol#10-19) has incorrect ERC20 function interface:Alice.transfer(address,uint256) (2_slither.sol#15-18)
Reference: https://github.com/crytic/slither/wiki/Detector-Documentation#incorrect-erc20-interface[0m
INFO:Detectors:[92m
Reentrancy in Alice.transfer(address,uint256) (2_slither.sol#15-18):
	External calls:
	- sample = io.getCustom() (2_slither.sol#16)
	State variables written after the call(s):
	- Alice.balanceOf (2_slither.sol#11) in balanceOf[_to] += sample + _v (2_slither.sol#17)
Reference: https://github.com/crytic/slither/wiki/Detector-Documentation#reentrancy-vulnerabilities-2[0m
INFO:Detectors:[92m
Pragma version^0.6.4 (2_slither.sol#1) necessitates versions too recent to be trusted. Consider deploying with 0.5.11
Reference: https://github.com/crytic/slither/wiki/Detector-Documentation#incorrect-versions-of-solidity[0m
INFO:Detectors:[92m
Parameter Alice.transfer(address,uint256)._to (2_slither.sol#15) is not in mixedCase
Parameter Alice.transfer(address,uint256)._v (2_slither.sol#15) is not in mixedCase
Constant Alice._t (2_slither.sol#12) is not in UPPER_CASE_WITH_UNDERSCORES
Reference: https://github.com/crytic/slither/wiki/Detector-Documentation#conformance-to-solidity-naming-conventions[0m
INFO:Detectors:[92m
getCustom() should be declared external:
	- IntegerOverflow.getCustom() (2_slither.sol#5-7)
transfer(address,uint256) should be declared external:
	- Alice.transfer(address,uint256) (2_slither.sol#15-18)
Reference: https://github.com/crytic/slither/wiki/Detector-Documentation#public-function-that-could-be-declared-as-external[0m
INFO:Slither:2_slither.sol analyzed (2 contracts with 46 detectors), 8 result(s) found
INFO:Slither:[94mUse https://crytic.io/ to get access to additional detectors and Github integration[0m
