Compilation warnings/errors on 5_slither.sol:
Warning: Function state mutability can be restricted to pure
 --> 5_slither.sol:4:5:
  |
4 |     function getSeed (bytes32 seed) public returns (bytes32) {
  |     ^ (Relevant source part starts here and spans across multiple lines).


INFO:Detectors:[91m
GuessTheRandomNumberChallenge._t (5_slither.sol#10) is never initialized. It is used in:
	- GuessTheRandomNumberChallenge.slitherConstructorVariables() (5_slither.sol#9-19)
Reference: https://github.com/crytic/slither/wiki/Detector-Documentation#uninitialized-state-variables[0m
INFO:Detectors:[92m
Pragma version^0.6.4 (5_slither.sol#1) necessitates versions too recent to be trusted. Consider deploying with 0.5.11
Reference: https://github.com/crytic/slither/wiki/Detector-Documentation#incorrect-versions-of-solidity[0m
INFO:Detectors:[92m
Variable GuessTheRandomNumberChallenge._t (5_slither.sol#10) is not in mixedCase
Reference: https://github.com/crytic/slither/wiki/Detector-Documentation#conformance-to-solidity-naming-conventions[0m
INFO:Detectors:[92m
GuessTheRandomNumberChallenge._t (5_slither.sol#10) should be constant
Reference: https://github.com/crytic/slither/wiki/Detector-Documentation#state-variables-that-could-be-declared-constant[0m
INFO:Detectors:[92m
getSeed(bytes32) should be declared external:
	- AnswerCreator.getSeed(bytes32) (5_slither.sol#4-6)
setAnswer() should be declared external:
	- GuessTheRandomNumberChallenge.setAnswer() (5_slither.sol#13-18)
Reference: https://github.com/crytic/slither/wiki/Detector-Documentation#public-function-that-could-be-declared-as-external[0m
INFO:Slither:5_slither.sol analyzed (2 contracts with 46 detectors), 6 result(s) found
INFO:Slither:[94mUse https://crytic.io/ to get access to additional detectors and Github integration[0m
