Compilation warnings/errors on 6-1_slither.sol:
Warning: Return value of low-level calls not used.
  --> 6-1_slither.sol:14:9:
   |
14 |         suicider.delegatecall(abi.encodeWithSignature("suicideAnyone()"));
   |         ^^^^^^^^^^^^^^^^^^^^^^^^^^^^^^^^^^^^^^^^^^^^^^^^^^^^^^^^^^^^^^^^^


INFO:Detectors:[91m
SimpleSuicide.sudicideAnyone() (6-1_slither.sol#4-7) allows anyone to destruct the contract
Reference: https://github.com/crytic/slither/wiki/Detector-Documentation#suicidal[0m
INFO:Detectors:[93m
Owner.die() (6-1_slither.sol#12-15) ignores return value by suicider.delegatecall(abi.encodeWithSignature(suicideAnyone())) (6-1_slither.sol#14)
Reference: https://github.com/crytic/slither/wiki/Detector-Documentation#unchecked-low-level-calls[0m
INFO:Detectors:[92m
Pragma version^0.6.4 (6-1_slither.sol#1) necessitates versions too recent to be trusted. Consider deploying with 0.5.11
Reference: https://github.com/crytic/slither/wiki/Detector-Documentation#incorrect-versions-of-solidity[0m
INFO:Detectors:[92m
Low level call in Owner.die() (6-1_slither.sol#12-15):
	- suicider.delegatecall(abi.encodeWithSignature(suicideAnyone())) (6-1_slither.sol#14)
Reference: https://github.com/crytic/slither/wiki/Detector-Documentation#low-level-calls[0m
INFO:Detectors:[92m
Owner.suicider (6-1_slither.sol#11) should be constant
Reference: https://github.com/crytic/slither/wiki/Detector-Documentation#state-variables-that-could-be-declared-constant[0m
INFO:Detectors:[92m
sudicideAnyone() should be declared external:
	- SimpleSuicide.sudicideAnyone() (6-1_slither.sol#4-7)
die() should be declared external:
	- Owner.die() (6-1_slither.sol#12-15)
Reference: https://github.com/crytic/slither/wiki/Detector-Documentation#public-function-that-could-be-declared-as-external[0m
INFO:Slither:6-1_slither.sol analyzed (2 contracts with 46 detectors), 7 result(s) found
INFO:Slither:[94mUse https://crytic.io/ to get access to additional detectors and Github integration[0m
