WARNING:root:You are using evm version 1.8.2. The supported version is 1.7.3
WARNING:root:You are using solc version 0.4.21, The latest supported version is 0.4.19
INFO:root:contract 1_oyente.sol:Bank:
INFO:symExec:	============ Results ===========
INFO:symExec:	  EVM Code Coverage: 			 39.7%
INFO:symExec:	  Integer Underflow: 			 False
INFO:symExec:	  Integer Overflow: 			 False
INFO:symExec:	  Parity Multisig Bug 2: 		 False
INFO:symExec:	  Callstack Depth Attack Vulnerability:  False
INFO:symExec:	  Transaction-Ordering Dependence (TOD): False
INFO:symExec:	  Timestamp Dependency: 		 False
INFO:symExec:	  Re-Entrancy Vulnerability: 		 False
INFO:symExec:	====== Analysis Completed ======
INFO:root:contract 1_oyente.sol:Intermediary:
INFO:symExec:	============ Results ===========
INFO:symExec:	  EVM Code Coverage: 			 95.9%
INFO:symExec:	  Integer Underflow: 			 False
INFO:symExec:	  Integer Overflow: 			 False
INFO:symExec:	  Parity Multisig Bug 2: 		 False
INFO:symExec:	  Callstack Depth Attack Vulnerability:  False
INFO:symExec:	  Transaction-Ordering Dependence (TOD): False
INFO:symExec:	  Timestamp Dependency: 		 False
INFO:symExec:	  Re-Entrancy Vulnerability: 		 False
INFO:symExec:	====== Analysis Completed ======
INFO:root:contract 1_oyente.sol:Mallory:
INFO:symExec:	============ Results ===========
INFO:symExec:	  EVM Code Coverage: 			 95.3%
INFO:symExec:	  Integer Underflow: 			 False
INFO:symExec:	  Integer Overflow: 			 False
INFO:symExec:	  Parity Multisig Bug 2: 		 False
INFO:symExec:	  Callstack Depth Attack Vulnerability:  False
INFO:symExec:	  Transaction-Ordering Dependence (TOD): False
INFO:symExec:	  Timestamp Dependency: 		 False
INFO:symExec:	  Re-Entrancy Vulnerability: 		 True
INFO:symExec:1_oyente.sol:85:9: Warning: Re-Entrancy Vulnerability.
        i2.withdraw()
1_oyente.sol:82:9: Warning: Re-Entrancy Vulnerability.
        bank.withdraw(bank.getBalance(address(this)))
1_oyente.sol:84:9: Warning: Re-Entrancy Vulnerability.
        i1.withdraw()
1_oyente.sol:82:23: Warning: Re-Entrancy Vulnerability.
        bank.withdraw(bank.getBalance(address(this))
1_oyente.sol:78:9: Warning: Re-Entrancy Vulnerability.
        bank.deposit.value(amount)()
INFO:symExec:	====== Analysis Completed ======

