WARNING:root:You are using evm version 1.8.2. The supported version is 1.7.3
WARNING:root:You are using solc version 0.4.21, The latest supported version is 0.4.19
INFO:root:contract cr_oyente2.sol:Mallory:
INFO:symExec:	============ Results ===========
INFO:symExec:	  EVM Code Coverage: 			 91.7%
INFO:symExec:	  Integer Underflow: 			 False
INFO:symExec:	  Integer Overflow: 			 False
INFO:symExec:	  Parity Multisig Bug 2: 		 False
INFO:symExec:	  Callstack Depth Attack Vulnerability:  False
INFO:symExec:	  Transaction-Ordering Dependence (TOD): False
INFO:symExec:	  Timestamp Dependency: 		 False
INFO:symExec:	  Re-Entrancy Vulnerability: 		 True
INFO:symExec:cr_oyente2.sol:114:9: Warning: Re-Entrancy Vulnerability.
        t.depositEther.value(address(this).balance)()
cr_oyente2.sol:112:9: Warning: Re-Entrancy Vulnerability.
        t.exchangeEther.value(avail)(avail)
INFO:symExec:	====== Analysis Completed ======
INFO:root:contract cr_oyente2.sol:Token:
INFO:symExec:	============ Results ===========
INFO:symExec:	  EVM Code Coverage: 			 87.0%
INFO:symExec:	  Integer Underflow: 			 False
INFO:symExec:	  Integer Overflow: 			 True
INFO:symExec:	  Parity Multisig Bug 2: 		 False
INFO:symExec:	  Callstack Depth Attack Vulnerability:  True
INFO:symExec:	  Transaction-Ordering Dependence (TOD): False
INFO:symExec:	  Timestamp Dependency: 		 False
INFO:symExec:	  Re-Entrancy Vulnerability: 		 False
INFO:symExec:cr_oyente2.sol:57:13: Warning: Integer Overflow.
            tokenBalance[to] += amount
Integer Overflow occurs if:
    tokenBalance[to] = 85653202831209899131921273706816539903532775246499202405936884825549521553152
    amount = 44369063854674067291029404066660873444229566625561754964912869797988903417852
    tokenBalance[msg.sender] = 44369063854674067291029404066660873444229566625561754964912869797988903417852
cr_oyente2.sol:36:30: Warning: Integer Overflow.
        if (msg.value > 0) { etherBalance[msg.sender] += msg.value
Integer Overflow occurs if:
    etherBalance[msg.sender] = 89660649888868366171417216235708288031085258661234677303951427843448891257349
cr_oyente2.sol:48:9: Warning: Integer Overflow.
        etherBalance[msg.sender] += msg.value
Integer Overflow occurs if:
    etherBalance[msg.sender] = 1
INFO:symExec:cr_oyente2.sol:86:13: Warning: Callstack Depth Attack Vulnerability.
            msg.sender.call.value(e)("")
INFO:symExec:	====== Analysis Completed ======
root@f638f36c44a2:/oyente/oyente# clear

root@f638f36c44a2:/oyente/oyente# python oyente.py -s cr_oyente2.sol -ce
WARNING:root:You are using evm version 1.8.2. The supported version is 1.7.3
WARNING:root:You are using solc version 0.4.21, The latest supported version is 0.4.19
INFO:root:contract cr_oyente2.sol:Mallory:
INFO:symExec:	============ Results ===========
INFO:symExec:	  EVM Code Coverage: 			 91.7%
INFO:symExec:	  Integer Underflow: 			 False
INFO:symExec:	  Integer Overflow: 			 False
INFO:symExec:	  Parity Multisig Bug 2: 		 False
INFO:symExec:	  Callstack Depth Attack Vulnerability:  False
INFO:symExec:	  Transaction-Ordering Dependence (TOD): False
INFO:symExec:	  Timestamp Dependency: 		 False
INFO:symExec:	  Re-Entrancy Vulnerability: 		 True
INFO:symExec:cr_oyente2.sol:114:9: Warning: Re-Entrancy Vulnerability.
        t.depositEther.value(address(this).balance)()
cr_oyente2.sol:112:9: Warning: Re-Entrancy Vulnerability.
        t.exchangeEther.value(avail)(avail)
INFO:symExec:	====== Analysis Completed ======
INFO:root:contract cr_oyente2.sol:Token:
INFO:symExec:	============ Results ===========
INFO:symExec:	  EVM Code Coverage: 			 87.0%
INFO:symExec:	  Integer Underflow: 			 False
INFO:symExec:	  Integer Overflow: 			 True
INFO:symExec:	  Parity Multisig Bug 2: 		 False
INFO:symExec:	  Callstack Depth Attack Vulnerability:  True
INFO:symExec:	  Transaction-Ordering Dependence (TOD): False
INFO:symExec:	  Timestamp Dependency: 		 False
INFO:symExec:	  Re-Entrancy Vulnerability: 		 False
INFO:symExec:cr_oyente2.sol:57:13: Warning: Integer Overflow.
            tokenBalance[to] += amount
Integer Overflow occurs if:
    tokenBalance[to] = 85653202831209899131921273706816539903532775246499202405936884825549521553152
    amount = 44369063854674067291029404066660873444229566625561754964912869797988903417852
    tokenBalance[msg.sender] = 44369063854674067291029404066660873444229566625561754964912869797988903417852
cr_oyente2.sol:36:30: Warning: Integer Overflow.
        if (msg.value > 0) { etherBalance[msg.sender] += msg.value
Integer Overflow occurs if:
    etherBalance[msg.sender] = 89660649888868366171417216235708288031085258661234677303951427843448891257349
cr_oyente2.sol:48:9: Warning: Integer Overflow.
        etherBalance[msg.sender] += msg.value
Integer Overflow occurs if:
    etherBalance[msg.sender] = 1
INFO:symExec:cr_oyente2.sol:86:13: Warning: Callstack Depth Attack Vulnerability.
            msg.sender.call.value(e)("")
INFO:symExec:	====== Analysis Completed ======

