WARNING:root:You are using evm version 1.8.2. The supported version is 1.7.3
WARNING:root:You are using solc version 0.4.25, The latest supported version is 0.4.19
INFO:root:contract ./6-1_oyente.sol:Owner:
INFO:symExec:	============ Results ===========
INFO:symExec:	  EVM Code Coverage: 			 99.5%
INFO:symExec:	  Integer Underflow: 			 True
INFO:symExec:	  Integer Overflow: 			 True
INFO:symExec:	  Parity Multisig Bug 2: 		 False
INFO:symExec:	  Callstack Depth Attack Vulnerability:  False
INFO:symExec:	  Transaction-Ordering Dependence (TOD): False
INFO:symExec:	  Timestamp Dependency: 		 False
INFO:symExec:	  Re-Entrancy Vulnerability: 		 False
INFO:symExec:./6-1_oyente.sol:12:9: Warning: Integer Underflow.
        suicider.delegatecall(abi.encodeWithSignature("suicideAnyone()"))
INFO:symExec:./6-1_oyente.sol:12:9: Warning: Integer Overflow.
        suicider.delegatecall(abi.encodeWithSignature("suicideAnyone()"))
INFO:symExec:	====== Analysis Completed ======
INFO:root:contract ./6-1_oyente.sol:SimpleSuicide:
INFO:symExec:	============ Results ===========
INFO:symExec:	  EVM Code Coverage: 			 95.7%
INFO:symExec:	  Integer Underflow: 			 False
INFO:symExec:	  Integer Overflow: 			 False
INFO:symExec:	  Parity Multisig Bug 2: 		 False
INFO:symExec:	  Callstack Depth Attack Vulnerability:  False
INFO:symExec:	  Transaction-Ordering Dependence (TOD): False
INFO:symExec:	  Timestamp Dependency: 		 False
INFO:symExec:	  Re-Entrancy Vulnerability: 		 False
INFO:symExec:	====== Analysis Completed ======
